ERROR: 2025/11/06 07:21:33 service.go:42: Invalid Request
ERROR: 2025/11/06 07:21:36 service.go:42: Invalid Request
INFO: 2025/11/06 07:21:39 service.go:36: Email Verified successfully
ERROR: 2025/11/06 07:21:42 service.go:42: Invalid Request
INFO: 2025/11/06 07:21:45 service.go:36: Signup unsuccessful
INFO: 2025/11/06 07:21:48 service.go:36: Signup unsuccessful
INFO: 2025/11/06 07:28:09 service.go:36: Signup unsuccessful
ERROR: 2025/11/06 07:28:12 service.go:42: Invalid Request
ERROR: 2025/11/06 07:28:15 service.go:42: Not Authorised
INFO: 2025/11/06 07:28:18 service.go:36: Signup unsuccessful
ERROR: 2025/11/06 07:28:21 service.go:42: Invalid Input
ERROR: 2025/11/06 07:28:24 service.go:42: Not Authorised
ERROR: 2025/11/06 07:28:27 service.go:42: Invalid Input
INFO: 2025/11/06 07:28:30 service.go:36: Signup unsuccessful
INFO: 2025/11/06 07:28:33 service.go:36: Login successful
INFO: 2025/11/06 07:28:36 service.go:36: Signup unsuccessful
INFO: 2025/11/06 07:28:39 service.go:36: Signup unsuccessful
ERROR: 2025/11/06 07:28:42 service.go:42: Invalid Input
ERROR: 2025/11/06 07:28:45 service.go:42: Invalid Request
ERROR: 2025/11/06 07:30:39 service.go:42: Invalid Input
ERROR: 2025/11/06 07:30:42 service.go:42: Invalid Input
INFO: 2025/11/06 07:30:45 service.go:36: Login successful
ERROR: 2025/11/06 07:30:48 service.go:42: Internal Server Error
ERROR: 2025/11/06 07:34:14 service.go:42: Internal Server Error
INFO: 2025/11/06 07:34:17 service.go:36: Email Verified successfully
ERROR: 2025/11/06 07:34:20 service.go:42: Internal Server Error
ERROR: 2025/11/06 07:34:23 service.go:42: Internal Server Error
INFO: 2025/11/07 04:51:14 service.go:36: Signup unsuccessful
ERROR: 2025/11/07 04:51:17 service.go:42: Invalid Request
ERROR: 2025/11/07 04:51:20 service.go:42: Not Authorised
ERROR: 2025/11/07 04:51:23 service.go:42: Internal Server Error
ERROR: 2025/11/07 04:51:26 service.go:42: Invalid Request
ERROR: 2025/11/07 04:51:29 service.go:42: Invalid Request
INFO: 2025/11/07 04:51:32 service.go:36: Login successful
ERROR: 2025/11/07 04:51:35 service.go:42: Internal Server Error
INFO: 2025/11/07 04:52:57 service.go:36: Email Verified successfully
INFO: 2025/11/07 04:53:00 service.go:36: Login successful
INFO: 2025/11/07 04:53:03 service.go:36: Email Verified successfully
ERROR: 2025/11/07 04:53:06 service.go:42: Internal Server Error
ERROR: 2025/11/07 04:53:09 service.go:42: Not Authorised
ERROR: 2025/11/07 04:53:12 service.go:42: Invalid Request
ERROR: 2025/11/07 04:54:24 service.go:42: Not Authorised
INFO: 2025/11/07 04:54:27 service.go:36: Login successful
ERROR: 2025/11/07 04:54:30 service.go:42: Invalid Request
INFO: 2025/11/07 04:58:33 service.go:36: Login successful
ERROR: 2025/11/07 04:58:36 service.go:42: Invalid Request
ERROR: 2025/11/07 04:58:39 service.go:42: Invalid Input
INFO: 2025/11/07 04:58:42 service.go:36: Signup unsuccessful
ERROR: 2025/11/07 04:58:45 service.go:42: Invalid Request
INFO: 2025/11/07 04:58:48 service.go:36: Signup unsuccessful
ERROR: 2025/11/07 04:58:51 service.go:42: Invalid Input
ERROR: 2025/11/07 04:58:54 service.go:42: Internal Server Error
INFO: 2025/11/07 04:58:57 service.go:36: Signup unsuccessful
INFO: 2025/11/07 04:59:00 service.go:36: Signup unsuccessful
INFO: 2025/11/07 04:59:03 service.go:36: Login successful
INFO: 2025/11/07 04:59:06 service.go:36: Login successful
ERROR: 2025/11/07 04:59:09 service.go:42: Internal Server Error
ERROR: 2025/11/07 04:59:12 service.go:42: Invalid Request
ERROR: 2025/11/07 04:59:15 service.go:42: Internal Server Error
ERROR: 2025/11/07 04:59:18 service.go:42: Invalid Input
ERROR: 2025/11/07 04:59:21 service.go:42: Internal Server Error
ERROR: 2025/11/07 04:59:24 service.go:42: Internal Server Error
ERROR: 2025/11/07 04:59:27 service.go:42: Invalid Request
ERROR: 2025/11/07 04:59:30 service.go:42: Internal Server Error
INFO: 2025/11/07 05:13:03 service.go:36: Email Verified successfully
ERROR: 2025/11/07 05:13:06 service.go:42: Internal Server Error
ERROR: 2025/11/07 05:13:09 service.go:42: Invalid Request
INFO: 2025/11/07 05:13:12 service.go:36: Login successful
ERROR: 2025/11/07 05:13:15 service.go:42: Not Authorised
INFO: 2025/11/07 05:13:18 service.go:36: Login successful
INFO: 2025/11/07 05:13:21 service.go:36: Signup unsuccessful
INFO: 2025/11/07 05:13:24 service.go:36: Signup unsuccessful
ERROR: 2025/11/07 05:13:27 service.go:42: Invalid Request
ERROR: 2025/11/07 05:13:30 service.go:42: Invalid Request
ERROR: 2025/11/07 05:13:33 service.go:42: Invalid Request
ERROR: 2025/11/07 05:13:36 service.go:42: Not Authorised
ERROR: 2025/11/07 05:13:39 service.go:42: Invalid Input
INFO: 2025/11/07 05:13:42 service.go:36: Signup unsuccessful
INFO: 2025/11/07 05:13:45 service.go:36: Login successful
INFO: 2025/11/07 05:13:48 service.go:36: Signup unsuccessful
INFO: 2025/11/07 05:13:51 service.go:36: Login successful
INFO: 2025/11/07 05:13:54 service.go:36: Signup unsuccessful
ERROR: 2025/11/07 05:13:57 service.go:42: Not Authorised
ERROR: 2025/11/07 05:14:00 service.go:42: Internal Server Error
INFO: 2025/11/07 05:14:03 service.go:36: Login successful
INFO: 2025/11/07 05:14:06 service.go:36: Signup unsuccessful
ERROR: 2025/11/07 05:14:09 service.go:42: Internal Server Error
INFO: 2025/11/07 05:14:12 service.go:36: Email Verified successfully
INFO: 2025/11/07 05:16:36 service.go:36: Email Verified successfully
ERROR: 2025/11/07 05:16:39 service.go:42: Internal Server Error
ERROR: 2025/11/07 05:16:42 service.go:42: Internal Server Error
ERROR: 2025/11/07 05:16:45 service.go:42: Internal Server Error
INFO: 2025/11/07 05:16:48 service.go:36: Signup unsuccessful
ERROR: 2025/11/07 05:16:51 service.go:42: Invalid Input
ERROR: 2025/11/07 05:16:54 service.go:42: Internal Server Error
INFO: 2025/11/07 05:16:57 service.go:36: Email Verified successfully
ERROR: 2025/11/07 05:20:12 service.go:42: Invalid Request
ERROR: 2025/11/07 05:20:15 service.go:42: Invalid Input
ERROR: 2025/11/07 05:20:18 service.go:42: Invalid Input
ERROR: 2025/11/07 05:20:21 service.go:42: Invalid Input
ERROR: 2025/11/07 05:20:24 service.go:42: Invalid Input
INFO: 2025/11/07 05:20:27 service.go:36: Signup unsuccessful
ERROR: 2025/11/07 07:24:00 service.go:42: Internal Server Error
INFO: 2025/11/07 07:24:03 service.go:36: Signup unsuccessful
ERROR: 2025/11/07 07:24:06 service.go:42: Invalid Request
ERROR: 2025/11/07 07:24:09 service.go:42: Invalid Request
ERROR: 2025/11/07 07:24:12 service.go:42: Internal Server Error
INFO: 2025/11/07 07:24:15 service.go:36: Login successful
INFO: 2025/11/07 07:24:18 service.go:36: Signup unsuccessful
INFO: 2025/11/07 07:24:21 service.go:36: Login successful
ERROR: 2025/11/07 07:24:24 service.go:42: Internal Server Error
ERROR: 2025/11/07 07:24:27 service.go:42: Invalid Request
INFO: 2025/11/07 07:24:30 service.go:36: Signup unsuccessful
ERROR: 2025/11/07 07:24:33 service.go:42: Not Authorised
INFO: 2025/11/07 07:24:36 service.go:36: Email Verified successfully
ERROR: 2025/11/07 07:24:39 service.go:42: Internal Server Error
ERROR: 2025/11/07 07:24:42 service.go:42: Internal Server Error
INFO: 2025/11/07 07:24:45 service.go:36: Signup unsuccessful
INFO: 2025/11/07 07:24:48 service.go:36: Email Verified successfully
ERROR: 2025/11/07 07:24:51 service.go:42: Not Authorised
INFO: 2025/11/07 07:24:54 service.go:36: Email Verified successfully
INFO: 2025/11/07 07:24:57 service.go:36: Email Verified successfully
INFO: 2025/11/07 07:25:00 service.go:36: Email Verified successfully
ERROR: 2025/11/07 07:25:03 service.go:42: Internal Server Error
ERROR: 2025/11/07 07:25:06 service.go:42: Invalid Request
ERROR: 2025/11/07 07:25:09 service.go:42: Not Authorised
ERROR: 2025/11/07 07:25:12 service.go:42: Not Authorised
ERROR: 2025/11/07 07:25:15 service.go:42: Internal Server Error
INFO: 2025/11/07 07:25:18 service.go:36: Login successful
ERROR: 2025/11/07 07:25:21 service.go:42: Internal Server Error
ERROR: 2025/11/07 07:25:24 service.go:42: Invalid Input
INFO: 2025/11/07 07:25:27 service.go:36: Login successful
INFO: 2025/11/07 07:25:30 service.go:36: Signup unsuccessful
INFO: 2025/11/07 07:25:33 service.go:36: Signup unsuccessful
ERROR: 2025/11/07 07:25:36 service.go:42: Not Authorised
ERROR: 2025/11/07 07:25:39 service.go:42: Invalid Input
ERROR: 2025/11/07 07:25:42 service.go:42: Internal Server Error
ERROR: 2025/11/07 07:25:45 service.go:42: Internal Server Error
ERROR: 2025/11/07 07:25:48 service.go:42: Internal Server Error
ERROR: 2025/11/07 07:25:51 service.go:42: Not Authorised
INFO: 2025/11/07 07:25:54 service.go:36: Signup unsuccessful
INFO: 2025/11/07 07:25:57 service.go:36: Signup unsuccessful
INFO: 2025/11/07 07:26:00 service.go:36: Signup unsuccessful
ERROR: 2025/11/07 07:26:03 service.go:42: Invalid Input
ERROR: 2025/11/07 07:26:06 service.go:42: Invalid Input
INFO: 2025/11/07 07:26:09 service.go:36: Signup unsuccessful
ERROR: 2025/11/07 07:26:12 service.go:42: Invalid Request
INFO: 2025/11/07 07:26:15 service.go:36: Signup unsuccessful
INFO: 2025/11/07 07:26:18 service.go:36: Email Verified successfully
INFO: 2025/11/07 07:26:21 service.go:36: Signup unsuccessful
INFO: 2025/11/07 07:26:24 service.go:36: Email Verified successfully
INFO: 2025/11/07 07:26:27 service.go:36: Signup unsuccessful
INFO: 2025/11/07 07:26:30 service.go:36: Login successful
ERROR: 2025/11/07 07:26:33 service.go:42: Internal Server Error
ERROR: 2025/11/07 07:26:36 service.go:42: Internal Server Error
INFO: 2025/11/07 07:26:39 service.go:36: Email Verified successfully
INFO: 2025/11/07 07:26:42 service.go:36: Login successful
INFO: 2025/11/07 07:26:45 service.go:36: Login successful
INFO: 2025/11/07 07:26:48 service.go:36: Email Verified successfully
ERROR: 2025/11/07 07:26:51 service.go:42: Invalid Input
INFO: 2025/11/07 07:26:54 service.go:36: Login successful
ERROR: 2025/11/07 07:26:57 service.go:42: Invalid Input
INFO: 2025/11/07 07:27:00 service.go:36: Email Verified successfully
INFO: 2025/11/07 07:27:03 service.go:36: Login successful
ERROR: 2025/11/07 07:27:06 service.go:42: Internal Server Error
INFO: 2025/11/07 07:27:09 service.go:36: Login successful
ERROR: 2025/11/07 07:27:12 service.go:42: Not Authorised
INFO: 2025/11/07 07:27:15 service.go:36: Email Verified successfully
INFO: 2025/11/07 07:27:18 service.go:36: Email Verified successfully
INFO: 2025/11/07 07:27:21 service.go:36: Signup unsuccessful
ERROR: 2025/11/07 07:27:24 service.go:42: Invalid Input
INFO: 2025/11/07 07:27:27 service.go:36: Signup unsuccessful
ERROR: 2025/11/07 07:27:30 service.go:42: Invalid Request
ERROR: 2025/11/07 07:27:33 service.go:42: Internal Server Error
ERROR: 2025/11/07 07:27:36 service.go:42: Internal Server Error
INFO: 2025/11/07 07:27:39 service.go:36: Signup unsuccessful
INFO: 2025/11/07 07:27:42 service.go:36: Email Verified successfully
INFO: 2025/11/07 07:27:45 service.go:36: Signup unsuccessful
ERROR: 2025/11/07 07:27:48 service.go:42: Invalid Input
ERROR: 2025/11/07 07:27:51 service.go:42: Invalid Request
ERROR: 2025/11/07 07:27:54 service.go:42: Internal Server Error
ERROR: 2025/11/07 07:27:57 service.go:42: Internal Server Error
ERROR: 2025/11/07 07:28:00 service.go:42: Invalid Request
INFO: 2025/11/07 07:28:03 service.go:36: Signup unsuccessful
ERROR: 2025/11/07 07:28:06 service.go:42: Not Authorised
INFO: 2025/11/07 07:28:09 service.go:36: Signup unsuccessful
INFO: 2025/11/07 07:28:12 service.go:36: Email Verified successfully
ERROR: 2025/11/07 07:28:15 service.go:42: Not Authorised
INFO: 2025/11/07 07:28:18 service.go:36: Login successful
INFO: 2025/11/07 07:28:21 service.go:36: Login successful
ERROR: 2025/11/07 07:28:24 service.go:42: Invalid Input
ERROR: 2025/11/07 07:28:27 service.go:42: Not Authorised
ERROR: 2025/11/07 07:28:30 service.go:42: Invalid Request
INFO: 2025/11/07 07:28:33 service.go:36: Login successful
INFO: 2025/11/07 07:28:36 service.go:36: Signup unsuccessful
ERROR: 2025/11/07 07:28:39 service.go:42: Invalid Request
ERROR: 2025/11/07 07:28:42 service.go:42: Not Authorised
INFO: 2025/11/07 07:28:45 service.go:36: Email Verified successfully
ERROR: 2025/11/07 07:28:48 service.go:42: Invalid Input
INFO: 2025/11/07 07:28:51 service.go:36: Email Verified successfully
ERROR: 2025/11/07 07:28:54 service.go:42: Invalid Request
ERROR: 2025/11/07 07:28:57 service.go:42: Not Authorised
INFO: 2025/11/07 07:29:00 service.go:36: Login successful
INFO: 2025/11/07 07:29:03 service.go:36: Login successful
INFO: 2025/11/07 07:29:06 service.go:36: Login successful
INFO: 2025/11/07 07:29:09 service.go:36: Email Verified successfully
ERROR: 2025/11/07 07:29:12 service.go:42: Not Authorised
ERROR: 2025/11/07 07:29:15 service.go:42: Invalid Request
ERROR: 2025/11/07 07:29:18 service.go:42: Internal Server Error
INFO: 2025/11/07 07:29:21 service.go:36: Signup unsuccessful
INFO: 2025/11/07 07:29:24 service.go:36: Login successful
INFO: 2025/11/07 07:29:27 service.go:36: Email Verified successfully
INFO: 2025/11/07 07:29:30 service.go:36: Login successful
ERROR: 2025/11/07 07:29:33 service.go:42: Invalid Input
INFO: 2025/11/07 07:29:36 service.go:36: Email Verified successfully
INFO: 2025/11/07 07:29:39 service.go:36: Email Verified successfully
INFO: 2025/11/07 07:29:42 service.go:36: Email Verified successfully
ERROR: 2025/11/07 07:29:45 service.go:42: Invalid Request
ERROR: 2025/11/07 07:29:48 service.go:42: Invalid Request
INFO: 2025/11/07 07:29:51 service.go:36: Login successful
INFO: 2025/11/07 07:29:54 service.go:36: Login successful
INFO: 2025/11/07 07:29:57 service.go:36: Login successful
INFO: 2025/11/07 07:30:00 service.go:36: Email Verified successfully
INFO: 2025/11/07 07:30:03 service.go:36: Login successful
ERROR: 2025/11/07 07:30:06 service.go:42: Not Authorised
INFO: 2025/11/07 07:30:09 service.go:36: Signup unsuccessful
ERROR: 2025/11/07 07:30:12 service.go:42: Internal Server Error
ERROR: 2025/11/07 07:30:15 service.go:42: Not Authorised
ERROR: 2025/11/07 07:30:18 service.go:42: Internal Server Error
INFO: 2025/11/07 07:30:21 service.go:36: Login successful
ERROR: 2025/11/07 07:30:24 service.go:42: Invalid Input
INFO: 2025/11/07 07:30:27 service.go:36: Login successful
INFO: 2025/11/07 07:30:30 service.go:36: Email Verified successfully
INFO: 2025/11/07 07:30:33 service.go:36: Email Verified successfully
INFO: 2025/11/07 07:30:36 service.go:36: Email Verified successfully
ERROR: 2025/11/07 07:30:39 service.go:42: Invalid Input
INFO: 2025/11/07 07:30:42 service.go:36: Signup unsuccessful
ERROR: 2025/11/07 07:30:45 service.go:42: Invalid Request
INFO: 2025/11/07 07:30:48 service.go:36: Signup unsuccessful
ERROR: 2025/11/07 07:30:51 service.go:42: Invalid Request
INFO: 2025/11/07 07:30:54 service.go:36: Signup unsuccessful
INFO: 2025/11/07 07:30:57 service.go:36: Signup unsuccessful
ERROR: 2025/11/07 07:31:00 service.go:42: Internal Server Error
INFO: 2025/11/07 07:31:03 service.go:36: Email Verified successfully
ERROR: 2025/11/07 07:31:06 service.go:42: Invalid Request
ERROR: 2025/11/07 07:31:09 service.go:42: Internal Server Error
INFO: 2025/11/07 07:31:12 service.go:36: Login successful
ERROR: 2025/11/07 07:31:15 service.go:42: Internal Server Error
INFO: 2025/11/07 07:31:18 service.go:36: Signup unsuccessful
INFO: 2025/11/07 07:31:21 service.go:36: Login successful
ERROR: 2025/11/07 07:31:24 service.go:42: Invalid Input
INFO: 2025/11/07 07:31:27 service.go:36: Login successful
ERROR: 2025/11/07 07:31:30 service.go:42: Invalid Input
ERROR: 2025/11/07 07:31:33 service.go:42: Invalid Request
INFO: 2025/11/07 07:31:36 service.go:36: Signup unsuccessful
INFO: 2025/11/07 07:31:39 service.go:36: Signup unsuccessful
ERROR: 2025/11/07 07:31:42 service.go:42: Invalid Input
INFO: 2025/11/07 07:31:45 service.go:36: Email Verified successfully
ERROR: 2025/11/07 07:31:48 service.go:42: Invalid Input
INFO: 2025/11/07 07:31:51 service.go:36: Login successful
INFO: 2025/11/07 07:31:54 service.go:36: Signup unsuccessful
ERROR: 2025/11/07 07:31:57 service.go:42: Not Authorised
ERROR: 2025/11/07 07:32:00 service.go:42: Invalid Request
INFO: 2025/11/07 07:32:03 service.go:36: Login successful
ERROR: 2025/11/07 07:32:06 service.go:42: Not Authorised
ERROR: 2025/11/07 07:32:09 service.go:42: Invalid Request
ERROR: 2025/11/07 07:32:12 service.go:42: Not Authorised
INFO: 2025/11/07 07:32:15 service.go:36: Signup unsuccessful
INFO: 2025/11/07 07:32:18 service.go:36: Signup unsuccessful
ERROR: 2025/11/07 07:32:21 service.go:42: Invalid Input
ERROR: 2025/11/07 07:32:24 service.go:42: Not Authorised
INFO: 2025/11/07 07:32:27 service.go:36: Email Verified successfully
INFO: 2025/11/07 07:32:30 service.go:36: Login successful
ERROR: 2025/11/07 07:32:33 service.go:42: Invalid Input
ERROR: 2025/11/07 07:32:36 service.go:42: Not Authorised
INFO: 2025/11/07 07:32:39 service.go:36: Login successful
ERROR: 2025/11/07 07:32:42 service.go:42: Not Authorised
ERROR: 2025/11/07 07:32:45 service.go:42: Internal Server Error
ERROR: 2025/11/07 07:32:48 service.go:42: Invalid Request
ERROR: 2025/11/07 07:32:51 service.go:42: Invalid Input
ERROR: 2025/11/07 07:32:54 service.go:42: Internal Server Error
INFO: 2025/11/07 07:32:57 service.go:36: Login successful
ERROR: 2025/11/07 07:33:00 service.go:42: Not Authorised
INFO: 2025/11/07 07:33:03 service.go:36: Login successful
ERROR: 2025/11/07 07:33:06 service.go:42: Invalid Input
ERROR: 2025/11/07 07:33:09 service.go:42: Invalid Request
INFO: 2025/11/07 07:33:12 service.go:36: Signup unsuccessful
INFO: 2025/11/07 07:33:15 service.go:36: Email Verified successfully
INFO: 2025/11/07 07:33:18 service.go:36: Signup unsuccessful
ERROR: 2025/11/07 07:33:21 service.go:42: Invalid Request
ERROR: 2025/11/07 07:33:24 service.go:42: Invalid Request
ERROR: 2025/11/07 07:33:27 service.go:42: Internal Server Error
ERROR: 2025/11/07 07:33:30 service.go:42: Invalid Request
ERROR: 2025/11/07 07:33:33 service.go:42: Invalid Input
ERROR: 2025/11/07 07:33:36 service.go:42: Not Authorised
ERROR: 2025/11/07 07:33:39 service.go:42: Internal Server Error
INFO: 2025/11/07 07:33:42 service.go:36: Signup unsuccessful
INFO: 2025/11/07 07:33:45 service.go:36: Signup unsuccessful
INFO: 2025/11/07 07:33:48 service.go:36: Signup unsuccessful
ERROR: 2025/11/07 07:33:51 service.go:42: Invalid Input
ERROR: 2025/11/07 07:33:54 service.go:42: Invalid Request
INFO: 2025/11/07 07:33:57 service.go:36: Email Verified successfully
INFO: 2025/11/07 07:34:00 service.go:36: Email Verified successfully
ERROR: 2025/11/07 07:34:03 service.go:42: Internal Server Error
ERROR: 2025/11/07 07:34:06 service.go:42: Internal Server Error
INFO: 2025/11/07 07:34:09 service.go:36: Login successful
ERROR: 2025/11/07 07:34:12 service.go:42: Invalid Input
ERROR: 2025/11/07 07:34:15 service.go:42: Invalid Input
INFO: 2025/11/07 07:34:18 service.go:36: Email Verified successfully
ERROR: 2025/11/07 07:34:21 service.go:42: Internal Server Error
ERROR: 2025/11/07 07:34:24 service.go:42: Not Authorised
ERROR: 2025/11/07 07:34:27 service.go:42: Internal Server Error
INFO: 2025/11/07 07:34:30 service.go:36: Login successful
INFO: 2025/11/07 07:34:33 service.go:36: Signup unsuccessful
INFO: 2025/11/07 07:34:36 service.go:36: Login successful
ERROR: 2025/11/07 07:34:39 service.go:42: Not Authorised
ERROR: 2025/11/07 07:34:42 service.go:42: Invalid Request
INFO: 2025/11/07 07:34:45 service.go:36: Login successful
INFO: 2025/11/07 07:34:48 service.go:36: Email Verified successfully
ERROR: 2025/11/07 07:34:51 service.go:42: Invalid Request
ERROR: 2025/11/07 07:34:54 service.go:42: Internal Server Error
ERROR: 2025/11/07 07:34:57 service.go:42: Internal Server Error
ERROR: 2025/11/07 07:35:00 service.go:42: Invalid Input
INFO: 2025/11/07 07:35:03 service.go:36: Signup unsuccessful
INFO: 2025/11/07 07:35:06 service.go:36: Login successful
INFO: 2025/11/07 07:35:09 service.go:36: Signup unsuccessful
INFO: 2025/11/07 07:35:12 service.go:36: Signup unsuccessful
INFO: 2025/11/07 07:35:15 service.go:36: Signup unsuccessful
ERROR: 2025/11/07 07:35:18 service.go:42: Invalid Input
INFO: 2025/11/07 07:35:21 service.go:36: Email Verified successfully
ERROR: 2025/11/07 07:35:24 service.go:42: Internal Server Error
ERROR: 2025/11/07 07:35:27 service.go:42: Not Authorised
INFO: 2025/11/07 07:35:30 service.go:36: Email Verified successfully
INFO: 2025/11/07 07:35:33 service.go:36: Email Verified successfully
INFO: 2025/11/07 07:35:36 service.go:36: Signup unsuccessful
INFO: 2025/11/07 07:35:39 service.go:36: Signup unsuccessful
ERROR: 2025/11/07 07:35:42 service.go:42: Invalid Input
ERROR: 2025/11/07 07:35:45 service.go:42: Not Authorised
INFO: 2025/11/07 07:35:48 service.go:36: Login successful
ERROR: 2025/11/07 07:35:51 service.go:42: Invalid Input
ERROR: 2025/11/07 07:35:54 service.go:42: Not Authorised
ERROR: 2025/11/07 07:35:57 service.go:42: Invalid Request
ERROR: 2025/11/07 07:36:00 service.go:42: Internal Server Error
ERROR: 2025/11/07 07:36:03 service.go:42: Invalid Request
INFO: 2025/11/07 07:36:06 service.go:36: Email Verified successfully
INFO: 2025/11/07 07:36:09 service.go:36: Signup unsuccessful
ERROR: 2025/11/07 07:36:12 service.go:42: Invalid Request
INFO: 2025/11/07 07:36:15 service.go:36: Email Verified successfully
INFO: 2025/11/07 07:36:18 service.go:36: Email Verified successfully
INFO: 2025/11/07 07:36:21 service.go:36: Signup unsuccessful
ERROR: 2025/11/07 07:36:24 service.go:42: Not Authorised
ERROR: 2025/11/07 07:36:27 service.go:42: Internal Server Error
INFO: 2025/11/07 07:36:30 service.go:36: Login successful
INFO: 2025/11/07 07:36:33 service.go:36: Email Verified successfully
INFO: 2025/11/07 07:36:36 service.go:36: Login successful
INFO: 2025/11/07 07:36:39 service.go:36: Email Verified successfully
INFO: 2025/11/07 07:36:42 service.go:36: Signup unsuccessful
INFO: 2025/11/07 07:36:45 service.go:36: Login successful
INFO: 2025/11/07 07:36:48 service.go:36: Email Verified successfully
INFO: 2025/11/07 07:36:51 service.go:36: Signup unsuccessful
INFO: 2025/11/07 07:36:54 service.go:36: Login successful
INFO: 2025/11/07 07:36:57 service.go:36: Signup unsuccessful
INFO: 2025/11/07 07:37:00 service.go:36: Email Verified successfully
INFO: 2025/11/07 07:37:03 service.go:36: Signup unsuccessful
INFO: 2025/11/07 07:37:06 service.go:36: Signup unsuccessful
ERROR: 2025/11/07 07:37:09 service.go:42: Internal Server Error
ERROR: 2025/11/07 07:37:12 service.go:42: Not Authorised
ERROR: 2025/11/07 07:37:15 service.go:42: Invalid Request
INFO: 2025/11/07 07:37:18 service.go:36: Signup unsuccessful
INFO: 2025/11/07 07:37:21 service.go:36: Email Verified successfully
INFO: 2025/11/07 07:37:24 service.go:36: Email Verified successfully
INFO: 2025/11/07 07:37:27 service.go:36: Login successful
INFO: 2025/11/07 07:37:30 service.go:36: Email Verified successfully
ERROR: 2025/11/07 07:37:33 service.go:42: Invalid Request
INFO: 2025/11/07 07:37:36 service.go:36: Login successful
ERROR: 2025/11/07 07:37:40 service.go:42: Invalid Request
INFO: 2025/11/07 07:37:43 service.go:36: Signup unsuccessful
ERROR: 2025/11/07 07:37:46 service.go:42: Invalid Input
ERROR: 2025/11/07 07:37:49 service.go:42: Internal Server Error
INFO: 2025/11/07 07:37:52 service.go:36: Email Verified successfully
INFO: 2025/11/07 07:37:55 service.go:36: Email Verified successfully
ERROR: 2025/11/07 07:37:58 service.go:42: Invalid Request
ERROR: 2025/11/07 07:38:01 service.go:42: Invalid Request
ERROR: 2025/11/07 07:38:04 service.go:42: Not Authorised
ERROR: 2025/11/07 07:38:07 service.go:42: Invalid Input
INFO: 2025/11/07 07:38:10 service.go:36: Email Verified successfully
ERROR: 2025/11/07 07:38:13 service.go:42: Invalid Request
INFO: 2025/11/07 07:38:16 service.go:36: Signup unsuccessful
ERROR: 2025/11/07 07:38:19 service.go:42: Not Authorised
INFO: 2025/11/07 07:38:22 service.go:36: Login successful
ERROR: 2025/11/07 07:38:25 service.go:42: Not Authorised
INFO: 2025/11/07 07:38:28 service.go:36: Login successful
ERROR: 2025/11/07 07:38:31 service.go:42: Not Authorised
INFO: 2025/11/07 07:38:34 service.go:36: Signup unsuccessful
ERROR: 2025/11/07 07:38:37 service.go:42: Not Authorised
ERROR: 2025/11/07 07:38:40 service.go:42: Invalid Request
INFO: 2025/11/07 07:38:43 service.go:36: Email Verified successfully
INFO: 2025/11/07 07:38:46 service.go:36: Login successful
INFO: 2025/11/07 07:38:49 service.go:36: Email Verified successfully
ERROR: 2025/11/07 07:38:52 service.go:42: Not Authorised
ERROR: 2025/11/07 07:38:55 service.go:42: Internal Server Error
ERROR: 2025/11/07 07:38:58 service.go:42: Invalid Request
ERROR: 2025/11/07 07:39:01 service.go:42: Not Authorised
INFO: 2025/11/07 07:39:04 service.go:36: Login successful
INFO: 2025/11/07 07:39:07 service.go:36: Email Verified successfully
INFO: 2025/11/07 07:39:10 service.go:36: Email Verified successfully
INFO: 2025/11/07 07:39:13 service.go:36: Signup unsuccessful
INFO: 2025/11/07 07:39:16 service.go:36: Email Verified successfully
ERROR: 2025/11/07 07:39:19 service.go:42: Not Authorised
INFO: 2025/11/07 07:39:22 service.go:36: Login successful
INFO: 2025/11/07 07:39:25 service.go:36: Login successful
ERROR: 2025/11/07 07:39:28 service.go:42: Internal Server Error
INFO: 2025/11/07 07:39:31 service.go:36: Email Verified successfully
INFO: 2025/11/07 07:39:34 service.go:36: Signup unsuccessful
ERROR: 2025/11/07 07:39:37 service.go:42: Invalid Request
INFO: 2025/11/07 07:39:40 service.go:36: Signup unsuccessful
ERROR: 2025/11/07 07:39:43 service.go:42: Not Authorised
INFO: 2025/11/07 07:39:46 service.go:36: Login successful
ERROR: 2025/11/07 07:39:49 service.go:42: Not Authorised
INFO: 2025/11/07 07:39:52 service.go:36: Login successful
ERROR: 2025/11/07 07:39:55 service.go:42: Invalid Request
INFO: 2025/11/07 07:39:58 service.go:36: Login successful
INFO: 2025/11/07 07:40:01 service.go:36: Login successful
INFO: 2025/11/07 07:40:04 service.go:36: Signup unsuccessful
ERROR: 2025/11/07 07:40:07 service.go:42: Not Authorised
ERROR: 2025/11/07 07:40:10 service.go:42: Invalid Input
ERROR: 2025/11/07 07:40:13 service.go:42: Invalid Request
ERROR: 2025/11/07 07:40:16 service.go:42: Invalid Input
INFO: 2025/11/07 07:40:19 service.go:36: Email Verified successfully
INFO: 2025/11/07 07:40:22 service.go:36: Login successful
INFO: 2025/11/07 07:40:25 service.go:36: Login successful
ERROR: 2025/11/07 07:40:28 service.go:42: Invalid Input
INFO: 2025/11/07 07:40:31 service.go:36: Email Verified successfully
INFO: 2025/11/07 07:40:34 service.go:36: Login successful
ERROR: 2025/11/07 07:40:37 service.go:42: Not Authorised
INFO: 2025/11/07 07:40:40 service.go:36: Login successful
ERROR: 2025/11/07 07:40:43 service.go:42: Invalid Input
INFO: 2025/11/07 07:40:46 service.go:36: Email Verified successfully
INFO: 2025/11/07 07:40:49 service.go:36: Signup unsuccessful
INFO: 2025/11/07 07:40:52 service.go:36: Signup unsuccessful
ERROR: 2025/11/07 07:40:55 service.go:42: Invalid Request
INFO: 2025/11/07 07:40:58 service.go:36: Signup unsuccessful
ERROR: 2025/11/07 07:41:01 service.go:42: Invalid Request
INFO: 2025/11/07 07:41:04 service.go:36: Signup unsuccessful
INFO: 2025/11/07 07:41:07 service.go:36: Login successful
INFO: 2025/11/07 07:41:10 service.go:36: Signup unsuccessful
ERROR: 2025/11/07 07:41:13 service.go:42: Invalid Request
INFO: 2025/11/07 07:41:16 service.go:36: Email Verified successfully
ERROR: 2025/11/07 07:41:19 service.go:42: Invalid Input
INFO: 2025/11/07 07:41:22 service.go:36: Signup unsuccessful
INFO: 2025/11/07 07:41:25 service.go:36: Login successful
ERROR: 2025/11/07 07:41:28 service.go:42: Not Authorised
INFO: 2025/11/07 07:41:31 service.go:36: Signup unsuccessful
INFO: 2025/11/07 07:41:34 service.go:36: Signup unsuccessful
INFO: 2025/11/07 07:41:37 service.go:36: Email Verified successfully
INFO: 2025/11/07 07:41:40 service.go:36: Signup unsuccessful
INFO: 2025/11/07 07:41:43 service.go:36: Email Verified successfully
ERROR: 2025/11/07 07:41:46 service.go:42: Internal Server Error
ERROR: 2025/11/07 07:41:49 service.go:42: Invalid Request
INFO: 2025/11/07 07:41:52 service.go:36: Signup unsuccessful
INFO: 2025/11/07 07:41:55 service.go:36: Login successful
INFO: 2025/11/07 07:41:58 service.go:36: Email Verified successfully
ERROR: 2025/11/07 07:42:01 service.go:42: Internal Server Error
INFO: 2025/11/07 07:42:04 service.go:36: Signup unsuccessful
ERROR: 2025/11/07 07:42:07 service.go:42: Internal Server Error
ERROR: 2025/11/07 07:42:10 service.go:42: Invalid Request
ERROR: 2025/11/07 07:42:13 service.go:42: Internal Server Error
INFO: 2025/11/07 07:42:16 service.go:36: Signup unsuccessful
INFO: 2025/11/07 07:42:19 service.go:36: Email Verified successfully
INFO: 2025/11/07 07:42:22 service.go:36: Signup unsuccessful
ERROR: 2025/11/07 07:42:25 service.go:42: Not Authorised
INFO: 2025/11/07 07:42:28 service.go:36: Signup unsuccessful
INFO: 2025/11/07 07:42:31 service.go:36: Signup unsuccessful
ERROR: 2025/11/07 07:42:34 service.go:42: Invalid Request
INFO: 2025/11/07 07:42:37 service.go:36: Signup unsuccessful
ERROR: 2025/11/07 07:42:40 service.go:42: Invalid Request
INFO: 2025/11/07 07:42:43 service.go:36: Signup unsuccessful
ERROR: 2025/11/07 07:42:46 service.go:42: Invalid Input
ERROR: 2025/11/07 07:42:49 service.go:42: Invalid Input
INFO: 2025/11/07 07:42:52 service.go:36: Signup unsuccessful
INFO: 2025/11/07 07:42:55 service.go:36: Email Verified successfully
ERROR: 2025/11/07 07:42:58 service.go:42: Invalid Input
ERROR: 2025/11/07 07:43:01 service.go:42: Invalid Request
ERROR: 2025/11/07 07:43:04 service.go:42: Internal Server Error
ERROR: 2025/11/07 07:43:07 service.go:42: Invalid Input
ERROR: 2025/11/07 07:43:10 service.go:42: Invalid Input
INFO: 2025/11/07 07:43:13 service.go:36: Signup unsuccessful
INFO: 2025/11/07 07:43:16 service.go:36: Login successful
INFO: 2025/11/07 07:43:19 service.go:36: Signup unsuccessful
ERROR: 2025/11/07 07:43:22 service.go:42: Invalid Input
INFO: 2025/11/07 07:43:25 service.go:36: Email Verified successfully
INFO: 2025/11/07 07:43:28 service.go:36: Login successful
ERROR: 2025/11/07 07:43:31 service.go:42: Not Authorised
ERROR: 2025/11/07 07:43:34 service.go:42: Not Authorised
ERROR: 2025/11/07 07:43:37 service.go:42: Not Authorised
ERROR: 2025/11/07 07:43:40 service.go:42: Invalid Input
ERROR: 2025/11/07 07:43:43 service.go:42: Not Authorised
ERROR: 2025/11/07 07:43:46 service.go:42: Not Authorised
INFO: 2025/11/07 07:43:49 service.go:36: Signup unsuccessful
ERROR: 2025/11/07 07:43:52 service.go:42: Invalid Input
INFO: 2025/11/07 07:43:55 service.go:36: Email Verified successfully
INFO: 2025/11/07 07:43:58 service.go:36: Signup unsuccessful
ERROR: 2025/11/07 07:44:01 service.go:42: Invalid Request
INFO: 2025/11/07 07:44:04 service.go:36: Login successful
ERROR: 2025/11/07 07:44:07 service.go:42: Not Authorised
ERROR: 2025/11/07 07:44:10 service.go:42: Not Authorised
INFO: 2025/11/07 07:44:13 service.go:36: Login successful
ERROR: 2025/11/07 07:44:16 service.go:42: Internal Server Error
ERROR: 2025/11/07 07:44:19 service.go:42: Internal Server Error
ERROR: 2025/11/07 07:44:22 service.go:42: Internal Server Error
INFO: 2025/11/07 07:44:25 service.go:36: Email Verified successfully
ERROR: 2025/11/07 07:44:28 service.go:42: Not Authorised
INFO: 2025/11/07 07:44:31 service.go:36: Signup unsuccessful
ERROR: 2025/11/07 07:44:34 service.go:42: Internal Server Error
INFO: 2025/11/07 07:44:37 service.go:36: Email Verified successfully
ERROR: 2025/11/07 07:44:40 service.go:42: Invalid Input
INFO: 2025/11/07 07:44:43 service.go:36: Signup unsuccessful
INFO: 2025/11/07 07:44:46 service.go:36: Signup unsuccessful
INFO: 2025/11/07 07:44:49 service.go:36: Email Verified successfully
ERROR: 2025/11/07 07:44:52 service.go:42: Not Authorised
ERROR: 2025/11/07 07:44:55 service.go:42: Internal Server Error
INFO: 2025/11/07 07:44:58 service.go:36: Login successful
ERROR: 2025/11/07 07:45:01 service.go:42: Invalid Request
ERROR: 2025/11/07 07:45:04 service.go:42: Internal Server Error
INFO: 2025/11/07 07:45:07 service.go:36: Signup unsuccessful
INFO: 2025/11/07 07:45:10 service.go:36: Email Verified successfully
ERROR: 2025/11/07 07:45:13 service.go:42: Invalid Input
ERROR: 2025/11/07 07:45:16 service.go:42: Invalid Request
INFO: 2025/11/07 07:45:19 service.go:36: Email Verified successfully
ERROR: 2025/11/07 07:45:22 service.go:42: Invalid Request
INFO: 2025/11/07 07:45:25 service.go:36: Signup unsuccessful
ERROR: 2025/11/07 07:45:28 service.go:42: Invalid Input
ERROR: 2025/11/07 07:45:31 service.go:42: Internal Server Error
ERROR: 2025/11/07 07:45:34 service.go:42: Internal Server Error
ERROR: 2025/11/07 07:45:37 service.go:42: Internal Server Error
INFO: 2025/11/07 07:45:40 service.go:36: Email Verified successfully
INFO: 2025/11/07 07:45:43 service.go:36: Signup unsuccessful
INFO: 2025/11/07 07:45:46 service.go:36: Login successful
INFO: 2025/11/07 07:45:49 service.go:36: Login successful
ERROR: 2025/11/07 07:45:52 service.go:42: Invalid Input
ERROR: 2025/11/07 07:45:55 service.go:42: Internal Server Error
INFO: 2025/11/07 07:45:58 service.go:36: Signup unsuccessful
ERROR: 2025/11/07 07:46:01 service.go:42: Invalid Request
INFO: 2025/11/07 07:46:04 service.go:36: Signup unsuccessful
ERROR: 2025/11/07 07:46:07 service.go:42: Not Authorised
ERROR: 2025/11/07 07:46:10 service.go:42: Invalid Request
ERROR: 2025/11/07 07:46:13 service.go:42: Internal Server Error
INFO: 2025/11/07 07:46:16 service.go:36: Signup unsuccessful
ERROR: 2025/11/07 07:46:19 service.go:42: Invalid Request
ERROR: 2025/11/07 07:46:22 service.go:42: Internal Server Error
INFO: 2025/11/07 07:46:25 service.go:36: Signup unsuccessful
ERROR: 2025/11/07 07:46:28 service.go:42: Invalid Input
ERROR: 2025/11/07 07:46:31 service.go:42: Invalid Input
INFO: 2025/11/07 07:46:34 service.go:36: Email Verified successfully
ERROR: 2025/11/07 07:46:37 service.go:42: Not Authorised
INFO: 2025/11/07 07:46:40 service.go:36: Email Verified successfully
INFO: 2025/11/07 07:46:43 service.go:36: Email Verified successfully
ERROR: 2025/11/07 07:46:46 service.go:42: Invalid Input
INFO: 2025/11/07 07:46:49 service.go:36: Login successful
INFO: 2025/11/07 07:46:52 service.go:36: Email Verified successfully
ERROR: 2025/11/07 07:46:55 service.go:42: Invalid Request
ERROR: 2025/11/07 07:46:58 service.go:42: Invalid Request
ERROR: 2025/11/07 07:47:01 service.go:42: Invalid Input
INFO: 2025/11/07 07:47:04 service.go:36: Login successful
INFO: 2025/11/07 07:47:07 service.go:36: Signup unsuccessful
INFO: 2025/11/07 07:47:10 service.go:36: Email Verified successfully
INFO: 2025/11/07 07:47:13 service.go:36: Signup unsuccessful
INFO: 2025/11/07 07:47:16 service.go:36: Login successful
INFO: 2025/11/07 07:47:19 service.go:36: Email Verified successfully
INFO: 2025/11/07 07:47:22 service.go:36: Signup unsuccessful
ERROR: 2025/11/07 07:47:25 service.go:42: Invalid Input
INFO: 2025/11/07 07:47:28 service.go:36: Signup unsuccessful
ERROR: 2025/11/07 07:47:31 service.go:42: Not Authorised
ERROR: 2025/11/07 07:47:34 service.go:42: Invalid Request
INFO: 2025/11/07 07:47:37 service.go:36: Login successful
INFO: 2025/11/07 07:47:40 service.go:36: Login successful
ERROR: 2025/11/07 07:47:43 service.go:42: Invalid Request
INFO: 2025/11/07 07:47:46 service.go:36: Signup unsuccessful
INFO: 2025/11/07 07:47:49 service.go:36: Login successful
ERROR: 2025/11/07 07:47:52 service.go:42: Invalid Input
INFO: 2025/11/07 07:47:55 service.go:36: Login successful
INFO: 2025/11/07 07:47:58 service.go:36: Signup unsuccessful
INFO: 2025/11/07 07:48:01 service.go:36: Login successful
INFO: 2025/11/07 07:48:04 service.go:36: Login successful
INFO: 2025/11/07 07:48:07 service.go:36: Login successful
ERROR: 2025/11/07 07:48:10 service.go:42: Invalid Input
INFO: 2025/11/07 07:48:13 service.go:36: Login successful
INFO: 2025/11/07 07:48:16 service.go:36: Login successful
INFO: 2025/11/07 07:48:19 service.go:36: Email Verified successfully
INFO: 2025/11/07 07:48:22 service.go:36: Email Verified successfully
INFO: 2025/11/07 07:48:25 service.go:36: Email Verified successfully
ERROR: 2025/11/07 07:48:28 service.go:42: Not Authorised
INFO: 2025/11/07 07:48:31 service.go:36: Email Verified successfully
ERROR: 2025/11/07 07:48:34 service.go:42: Invalid Input
ERROR: 2025/11/07 07:48:37 service.go:42: Invalid Request
INFO: 2025/11/07 07:48:40 service.go:36: Signup unsuccessful
ERROR: 2025/11/07 07:48:43 service.go:42: Internal Server Error
INFO: 2025/11/07 07:48:46 service.go:36: Login successful
INFO: 2025/11/07 07:48:49 service.go:36: Login successful
INFO: 2025/11/07 07:48:52 service.go:36: Email Verified successfully
ERROR: 2025/11/07 07:48:55 service.go:42: Invalid Input
INFO: 2025/11/07 07:48:58 service.go:36: Login successful
INFO: 2025/11/07 07:49:01 service.go:36: Login successful
ERROR: 2025/11/07 07:49:04 service.go:42: Invalid Input
INFO: 2025/11/07 07:49:07 service.go:36: Login successful
INFO: 2025/11/07 07:49:10 service.go:36: Login successful
ERROR: 2025/11/07 07:49:13 service.go:42: Internal Server Error
ERROR: 2025/11/07 07:49:16 service.go:42: Not Authorised
ERROR: 2025/11/07 07:49:19 service.go:42: Invalid Input
INFO: 2025/11/07 07:49:22 service.go:36: Signup unsuccessful
INFO: 2025/11/07 07:49:25 service.go:36: Login successful
INFO: 2025/11/07 07:49:28 service.go:36: Login successful
INFO: 2025/11/07 07:49:31 service.go:36: Email Verified successfully
INFO: 2025/11/07 07:49:34 service.go:36: Signup unsuccessful
ERROR: 2025/11/07 07:49:37 service.go:42: Invalid Input
ERROR: 2025/11/07 07:49:40 service.go:42: Invalid Request
INFO: 2025/11/07 07:49:43 service.go:36: Email Verified successfully
INFO: 2025/11/07 07:49:46 service.go:36: Login successful
INFO: 2025/11/07 07:49:49 service.go:36: Email Verified successfully
ERROR: 2025/11/07 07:49:52 service.go:42: Invalid Input
ERROR: 2025/11/07 07:49:55 service.go:42: Internal Server Error
INFO: 2025/11/07 07:49:58 service.go:36: Login successful
ERROR: 2025/11/07 07:50:01 service.go:42: Invalid Request
ERROR: 2025/11/07 07:50:04 service.go:42: Invalid Input
ERROR: 2025/11/07 07:50:07 service.go:42: Internal Server Error
ERROR: 2025/11/07 07:50:10 service.go:42: Not Authorised
INFO: 2025/11/07 07:50:13 service.go:36: Email Verified successfully
ERROR: 2025/11/07 07:50:16 service.go:42: Internal Server Error
INFO: 2025/11/07 07:50:19 service.go:36: Email Verified successfully
INFO: 2025/11/07 07:50:22 service.go:36: Login successful
ERROR: 2025/11/07 07:50:25 service.go:42: Internal Server Error
ERROR: 2025/11/07 07:50:28 service.go:42: Invalid Request
INFO: 2025/11/07 07:50:31 service.go:36: Signup unsuccessful
ERROR: 2025/11/07 07:50:34 service.go:42: Internal Server Error
ERROR: 2025/11/07 07:50:37 service.go:42: Invalid Input
INFO: 2025/11/07 07:50:40 service.go:36: Login successful
INFO: 2025/11/07 07:50:43 service.go:36: Login successful
ERROR: 2025/11/07 07:50:46 service.go:42: Invalid Input
ERROR: 2025/11/07 07:50:49 service.go:42: Invalid Request
INFO: 2025/11/07 07:50:52 service.go:36: Email Verified successfully
ERROR: 2025/11/07 07:50:55 service.go:42: Internal Server Error
INFO: 2025/11/07 07:50:58 service.go:36: Email Verified successfully
INFO: 2025/11/07 07:51:01 service.go:36: Signup unsuccessful
ERROR: 2025/11/07 07:51:04 service.go:42: Invalid Input
ERROR: 2025/11/07 07:51:07 service.go:42: Internal Server Error
INFO: 2025/11/07 07:51:10 service.go:36: Login successful
ERROR: 2025/11/07 07:51:13 service.go:42: Invalid Request
INFO: 2025/11/07 07:51:16 service.go:36: Signup unsuccessful
INFO: 2025/11/07 07:51:19 service.go:36: Login successful
ERROR: 2025/11/07 07:51:22 service.go:42: Invalid Request
ERROR: 2025/11/07 07:51:25 service.go:42: Not Authorised
ERROR: 2025/11/07 07:51:28 service.go:42: Invalid Request
INFO: 2025/11/07 07:51:31 service.go:36: Signup unsuccessful
ERROR: 2025/11/07 07:51:34 service.go:42: Invalid Input
INFO: 2025/11/07 07:51:37 service.go:36: Signup unsuccessful
INFO: 2025/11/07 07:51:40 service.go:36: Login successful
ERROR: 2025/11/07 07:51:43 service.go:42: Invalid Input
INFO: 2025/11/07 07:51:46 service.go:36: Login successful
INFO: 2025/11/07 07:51:49 service.go:36: Email Verified successfully
INFO: 2025/11/07 07:51:52 service.go:36: Login successful
ERROR: 2025/11/07 07:51:55 service.go:42: Invalid Request
ERROR: 2025/11/07 07:51:58 service.go:42: Internal Server Error
ERROR: 2025/11/07 07:52:01 service.go:42: Invalid Input
ERROR: 2025/11/07 07:52:04 service.go:42: Invalid Input
ERROR: 2025/11/07 07:52:07 service.go:42: Invalid Request
ERROR: 2025/11/07 07:52:10 service.go:42: Invalid Request
ERROR: 2025/11/07 07:52:13 service.go:42: Invalid Request
ERROR: 2025/11/07 07:52:16 service.go:42: Invalid Request
INFO: 2025/11/07 07:52:19 service.go:36: Email Verified successfully
INFO: 2025/11/07 07:52:22 service.go:36: Email Verified successfully
INFO: 2025/11/07 07:52:25 service.go:36: Signup unsuccessful
ERROR: 2025/11/07 07:52:28 service.go:42: Not Authorised
INFO: 2025/11/07 07:52:31 service.go:36: Email Verified successfully
INFO: 2025/11/07 07:52:34 service.go:36: Signup unsuccessful
INFO: 2025/11/07 07:52:37 service.go:36: Signup unsuccessful
INFO: 2025/11/07 07:52:40 service.go:36: Signup unsuccessful
ERROR: 2025/11/07 07:52:43 service.go:42: Not Authorised
ERROR: 2025/11/07 07:52:46 service.go:42: Internal Server Error
ERROR: 2025/11/07 07:52:49 service.go:42: Invalid Input
INFO: 2025/11/07 07:52:52 service.go:36: Login successful
ERROR: 2025/11/07 07:52:55 service.go:42: Invalid Input
ERROR: 2025/11/07 07:52:58 service.go:42: Internal Server Error
INFO: 2025/11/07 07:53:01 service.go:36: Login successful
INFO: 2025/11/07 07:53:04 service.go:36: Email Verified successfully
INFO: 2025/11/07 07:53:07 service.go:36: Signup unsuccessful
INFO: 2025/11/07 07:53:10 service.go:36: Email Verified successfully
ERROR: 2025/11/07 07:53:13 service.go:42: Invalid Request
ERROR: 2025/11/07 07:53:16 service.go:42: Invalid Request
ERROR: 2025/11/07 07:53:19 service.go:42: Not Authorised
ERROR: 2025/11/07 07:53:22 service.go:42: Invalid Input
INFO: 2025/11/07 07:53:25 service.go:36: Signup unsuccessful
INFO: 2025/11/07 07:53:28 service.go:36: Email Verified successfully
ERROR: 2025/11/07 07:53:31 service.go:42: Internal Server Error
INFO: 2025/11/07 07:53:34 service.go:36: Login successful
ERROR: 2025/11/07 07:53:37 service.go:42: Internal Server Error
INFO: 2025/11/07 07:53:40 service.go:36: Login successful
ERROR: 2025/11/07 07:53:43 service.go:42: Invalid Request
INFO: 2025/11/07 07:53:46 service.go:36: Email Verified successfully
INFO: 2025/11/07 07:53:49 service.go:36: Login successful
ERROR: 2025/11/07 07:53:52 service.go:42: Internal Server Error
INFO: 2025/11/07 07:53:55 service.go:36: Email Verified successfully
INFO: 2025/11/07 07:53:58 service.go:36: Signup unsuccessful
INFO: 2025/11/07 07:54:01 service.go:36: Login successful
INFO: 2025/11/07 07:54:04 service.go:36: Login successful
ERROR: 2025/11/07 07:54:07 service.go:42: Invalid Input
INFO: 2025/11/07 07:54:10 service.go:36: Signup unsuccessful
ERROR: 2025/11/07 07:54:13 service.go:42: Internal Server Error
INFO: 2025/11/07 07:54:16 service.go:36: Signup unsuccessful
INFO: 2025/11/07 07:54:19 service.go:36: Email Verified successfully
INFO: 2025/11/07 07:54:22 service.go:36: Signup unsuccessful
ERROR: 2025/11/07 07:54:25 service.go:42: Invalid Request
ERROR: 2025/11/07 07:54:28 service.go:42: Not Authorised
INFO: 2025/11/07 07:54:31 service.go:36: Signup unsuccessful
INFO: 2025/11/07 07:54:34 service.go:36: Signup unsuccessful
ERROR: 2025/11/07 07:54:37 service.go:42: Invalid Request
ERROR: 2025/11/07 07:54:40 service.go:42: Invalid Request
INFO: 2025/11/07 07:54:43 service.go:36: Email Verified successfully
ERROR: 2025/11/07 07:54:46 service.go:42: Invalid Input
INFO: 2025/11/07 07:54:49 service.go:36: Login successful
ERROR: 2025/11/07 07:54:52 service.go:42: Invalid Input
ERROR: 2025/11/07 07:54:55 service.go:42: Internal Server Error
ERROR: 2025/11/07 07:54:58 service.go:42: Internal Server Error
INFO: 2025/11/07 07:55:01 service.go:36: Signup unsuccessful
INFO: 2025/11/07 07:55:04 service.go:36: Signup unsuccessful
ERROR: 2025/11/07 07:55:07 service.go:42: Internal Server Error
ERROR: 2025/11/07 07:55:10 service.go:42: Invalid Input
ERROR: 2025/11/07 07:55:13 service.go:42: Internal Server Error
INFO: 2025/11/07 07:55:16 service.go:36: Email Verified successfully
ERROR: 2025/11/07 07:55:19 service.go:42: Invalid Input
ERROR: 2025/11/07 07:55:22 service.go:42: Invalid Input
ERROR: 2025/11/07 07:55:25 service.go:42: Internal Server Error
INFO: 2025/11/07 07:55:28 service.go:36: Login successful
ERROR: 2025/11/07 07:55:31 service.go:42: Internal Server Error
ERROR: 2025/11/07 07:55:34 service.go:42: Invalid Request
INFO: 2025/11/07 07:55:37 service.go:36: Login successful
INFO: 2025/11/07 07:55:40 service.go:36: Signup unsuccessful
INFO: 2025/11/07 07:55:43 service.go:36: Login successful
INFO: 2025/11/07 07:55:46 service.go:36: Login successful
INFO: 2025/11/07 07:55:49 service.go:36: Email Verified successfully
ERROR: 2025/11/07 07:55:52 service.go:42: Internal Server Error
ERROR: 2025/11/07 07:55:55 service.go:42: Internal Server Error
INFO: 2025/11/07 07:55:58 service.go:36: Login successful
INFO: 2025/11/07 07:56:01 service.go:36: Email Verified successfully
ERROR: 2025/11/07 07:56:04 service.go:42: Not Authorised
ERROR: 2025/11/07 07:56:07 service.go:42: Invalid Input
INFO: 2025/11/07 07:56:10 service.go:36: Login successful
ERROR: 2025/11/07 07:56:13 service.go:42: Internal Server Error
INFO: 2025/11/07 07:56:16 service.go:36: Email Verified successfully
INFO: 2025/11/07 07:56:19 service.go:36: Signup unsuccessful
ERROR: 2025/11/07 07:56:22 service.go:42: Internal Server Error
ERROR: 2025/11/07 07:56:25 service.go:42: Not Authorised
INFO: 2025/11/07 07:56:28 service.go:36: Login successful
INFO: 2025/11/07 07:56:31 service.go:36: Email Verified successfully
INFO: 2025/11/07 07:56:34 service.go:36: Email Verified successfully
INFO: 2025/11/07 07:56:37 service.go:36: Email Verified successfully
ERROR: 2025/11/07 07:56:40 service.go:42: Internal Server Error
INFO: 2025/11/07 07:56:43 service.go:36: Email Verified successfully
ERROR: 2025/11/07 07:56:46 service.go:42: Invalid Request
INFO: 2025/11/07 07:56:49 service.go:36: Email Verified successfully
ERROR: 2025/11/07 07:56:52 service.go:42: Invalid Request
ERROR: 2025/11/07 07:56:55 service.go:42: Internal Server Error
INFO: 2025/11/07 07:56:58 service.go:36: Signup unsuccessful
ERROR: 2025/11/07 07:57:01 service.go:42: Internal Server Error
INFO: 2025/11/07 07:57:04 service.go:36: Login successful
ERROR: 2025/11/07 07:57:07 service.go:42: Internal Server Error
INFO: 2025/11/07 07:57:10 service.go:36: Signup unsuccessful
INFO: 2025/11/07 07:57:13 service.go:36: Login successful
INFO: 2025/11/07 07:57:16 service.go:36: Login successful
INFO: 2025/11/07 07:57:19 service.go:36: Signup unsuccessful
ERROR: 2025/11/07 07:57:22 service.go:42: Internal Server Error
ERROR: 2025/11/07 07:57:25 service.go:42: Not Authorised
INFO: 2025/11/07 07:57:28 service.go:36: Email Verified successfully
INFO: 2025/11/07 07:57:31 service.go:36: Email Verified successfully
ERROR: 2025/11/07 07:57:34 service.go:42: Invalid Request
ERROR: 2025/11/07 07:57:37 service.go:42: Not Authorised
INFO: 2025/11/07 07:57:40 service.go:36: Email Verified successfully
INFO: 2025/11/07 07:57:43 service.go:36: Email Verified successfully
INFO: 2025/11/07 07:57:46 service.go:36: Email Verified successfully
ERROR: 2025/11/07 07:57:49 service.go:42: Invalid Input
INFO: 2025/11/07 07:57:52 service.go:36: Signup unsuccessful
INFO: 2025/11/07 07:57:55 service.go:36: Email Verified successfully
ERROR: 2025/11/07 07:57:58 service.go:42: Invalid Input
INFO: 2025/11/07 07:58:01 service.go:36: Signup unsuccessful
INFO: 2025/11/07 07:58:04 service.go:36: Login successful
ERROR: 2025/11/07 07:58:07 service.go:42: Invalid Input
INFO: 2025/11/07 07:58:10 service.go:36: Login successful
INFO: 2025/11/07 07:58:13 service.go:36: Signup unsuccessful
INFO: 2025/11/07 07:58:16 service.go:36: Signup unsuccessful
ERROR: 2025/11/07 07:58:19 service.go:42: Internal Server Error
ERROR: 2025/11/07 07:58:22 service.go:42: Invalid Input
ERROR: 2025/11/07 07:58:25 service.go:42: Invalid Request
ERROR: 2025/11/07 07:58:28 service.go:42: Not Authorised
INFO: 2025/11/07 07:58:31 service.go:36: Login successful
INFO: 2025/11/07 07:58:34 service.go:36: Login successful
INFO: 2025/11/07 07:58:37 service.go:36: Login successful
INFO: 2025/11/07 07:58:40 service.go:36: Email Verified successfully
ERROR: 2025/11/07 07:58:43 service.go:42: Not Authorised
ERROR: 2025/11/07 07:58:46 service.go:42: Invalid Input
ERROR: 2025/11/07 07:58:49 service.go:42: Invalid Input
ERROR: 2025/11/07 07:58:52 service.go:42: Internal Server Error
INFO: 2025/11/07 07:58:55 service.go:36: Signup unsuccessful
INFO: 2025/11/07 07:58:58 service.go:36: Login successful
ERROR: 2025/11/07 07:59:01 service.go:42: Not Authorised
ERROR: 2025/11/07 07:59:04 service.go:42: Invalid Request
INFO: 2025/11/07 07:59:07 service.go:36: Email Verified successfully
INFO: 2025/11/07 07:59:10 service.go:36: Login successful
ERROR: 2025/11/07 07:59:13 service.go:42: Invalid Request
INFO: 2025/11/07 07:59:16 service.go:36: Signup unsuccessful
ERROR: 2025/11/07 07:59:19 service.go:42: Internal Server Error
ERROR: 2025/11/07 07:59:22 service.go:42: Invalid Request
ERROR: 2025/11/07 07:59:25 service.go:42: Invalid Request
ERROR: 2025/11/07 07:59:28 service.go:42: Internal Server Error
INFO: 2025/11/07 07:59:31 service.go:36: Login successful
ERROR: 2025/11/07 07:59:34 service.go:42: Invalid Input
INFO: 2025/11/07 07:59:37 service.go:36: Signup unsuccessful
ERROR: 2025/11/07 07:59:40 service.go:42: Invalid Request
INFO: 2025/11/07 07:59:43 service.go:36: Signup unsuccessful
ERROR: 2025/11/07 07:59:46 service.go:42: Internal Server Error
INFO: 2025/11/07 07:59:49 service.go:36: Login successful
ERROR: 2025/11/07 07:59:52 service.go:42: Invalid Input
INFO: 2025/11/07 07:59:55 service.go:36: Email Verified successfully
ERROR: 2025/11/07 07:59:58 service.go:42: Invalid Input
ERROR: 2025/11/07 08:00:01 service.go:42: Invalid Input
ERROR: 2025/11/07 08:00:05 service.go:42: Not Authorised
INFO: 2025/11/07 08:00:08 service.go:36: Login successful
INFO: 2025/11/07 08:00:11 service.go:36: Email Verified successfully
INFO: 2025/11/07 08:00:14 service.go:36: Signup unsuccessful
ERROR: 2025/11/07 08:00:17 service.go:42: Invalid Input
ERROR: 2025/11/07 08:00:20 service.go:42: Internal Server Error
ERROR: 2025/11/07 08:00:23 service.go:42: Not Authorised
INFO: 2025/11/07 08:00:26 service.go:36: Login successful
ERROR: 2025/11/07 08:00:29 service.go:42: Invalid Request
INFO: 2025/11/07 08:00:32 service.go:36: Login successful
ERROR: 2025/11/07 08:00:35 service.go:42: Invalid Input
ERROR: 2025/11/07 08:00:38 service.go:42: Invalid Request
INFO: 2025/11/07 08:00:41 service.go:36: Signup unsuccessful
INFO: 2025/11/07 08:00:44 service.go:36: Login successful
ERROR: 2025/11/07 08:00:47 service.go:42: Not Authorised
ERROR: 2025/11/07 08:00:50 service.go:42: Invalid Input
ERROR: 2025/11/07 08:00:53 service.go:42: Not Authorised
INFO: 2025/11/07 08:00:56 service.go:36: Login successful
INFO: 2025/11/07 08:00:59 service.go:36: Signup unsuccessful
INFO: 2025/11/07 08:01:02 service.go:36: Login successful
INFO: 2025/11/07 08:01:05 service.go:36: Email Verified successfully
INFO: 2025/11/07 08:01:08 service.go:36: Email Verified successfully
ERROR: 2025/11/07 08:01:11 service.go:42: Invalid Input
ERROR: 2025/11/07 08:01:14 service.go:42: Invalid Request
INFO: 2025/11/07 08:01:17 service.go:36: Signup unsuccessful
ERROR: 2025/11/07 08:01:20 service.go:42: Internal Server Error
ERROR: 2025/11/07 08:01:23 service.go:42: Not Authorised
INFO: 2025/11/07 08:01:26 service.go:36: Login successful
INFO: 2025/11/07 08:01:29 service.go:36: Signup unsuccessful
ERROR: 2025/11/07 08:01:32 service.go:42: Invalid Request
INFO: 2025/11/07 08:01:35 service.go:36: Login successful
ERROR: 2025/11/07 08:01:38 service.go:42: Invalid Request
INFO: 2025/11/07 08:01:41 service.go:36: Signup unsuccessful
INFO: 2025/11/07 08:01:44 service.go:36: Signup unsuccessful
INFO: 2025/11/07 08:01:47 service.go:36: Email Verified successfully
INFO: 2025/11/07 08:01:50 service.go:36: Login successful
ERROR: 2025/11/07 08:01:53 service.go:42: Not Authorised
ERROR: 2025/11/07 08:01:56 service.go:42: Invalid Request
ERROR: 2025/11/07 08:01:59 service.go:42: Not Authorised
ERROR: 2025/11/07 08:02:02 service.go:42: Invalid Input
ERROR: 2025/11/07 08:02:05 service.go:42: Not Authorised
ERROR: 2025/11/07 08:02:08 service.go:42: Not Authorised
INFO: 2025/11/07 08:02:11 service.go:36: Email Verified successfully
ERROR: 2025/11/07 08:02:14 service.go:42: Internal Server Error
ERROR: 2025/11/07 08:02:17 service.go:42: Internal Server Error
ERROR: 2025/11/07 08:02:20 service.go:42: Invalid Request
INFO: 2025/11/07 08:02:23 service.go:36: Login successful
INFO: 2025/11/07 08:02:26 service.go:36: Email Verified successfully
ERROR: 2025/11/07 08:02:29 service.go:42: Invalid Request
ERROR: 2025/11/07 08:02:32 service.go:42: Not Authorised
ERROR: 2025/11/07 08:02:35 service.go:42: Internal Server Error
INFO: 2025/11/07 08:02:38 service.go:36: Signup unsuccessful
ERROR: 2025/11/07 08:02:41 service.go:42: Not Authorised
INFO: 2025/11/07 08:02:44 service.go:36: Signup unsuccessful
INFO: 2025/11/07 08:02:47 service.go:36: Signup unsuccessful
INFO: 2025/11/07 08:02:50 service.go:36: Login successful
INFO: 2025/11/07 08:02:53 service.go:36: Signup unsuccessful
INFO: 2025/11/07 08:02:56 service.go:36: Signup unsuccessful
ERROR: 2025/11/07 08:02:59 service.go:42: Not Authorised
INFO: 2025/11/07 08:03:02 service.go:36: Login successful
ERROR: 2025/11/07 08:03:05 service.go:42: Invalid Request
ERROR: 2025/11/07 08:03:08 service.go:42: Invalid Input
ERROR: 2025/11/07 08:03:11 service.go:42: Invalid Input
INFO: 2025/11/07 08:03:14 service.go:36: Email Verified successfully
INFO: 2025/11/07 08:03:17 service.go:36: Email Verified successfully
INFO: 2025/11/07 08:03:20 service.go:36: Login successful
ERROR: 2025/11/07 08:03:23 service.go:42: Invalid Request
ERROR: 2025/11/07 08:03:26 service.go:42: Invalid Input
INFO: 2025/11/07 08:03:29 service.go:36: Signup unsuccessful
INFO: 2025/11/07 08:03:32 service.go:36: Login successful
ERROR: 2025/11/07 08:03:35 service.go:42: Invalid Input
INFO: 2025/11/07 08:03:38 service.go:36: Signup unsuccessful
ERROR: 2025/11/07 08:03:41 service.go:42: Invalid Input
INFO: 2025/11/07 08:03:44 service.go:36: Login successful
ERROR: 2025/11/07 08:03:47 service.go:42: Invalid Input
INFO: 2025/11/07 08:03:50 service.go:36: Login successful
INFO: 2025/11/07 08:03:53 service.go:36: Email Verified successfully
ERROR: 2025/11/07 08:03:56 service.go:42: Invalid Request
INFO: 2025/11/07 08:03:59 service.go:36: Signup unsuccessful
ERROR: 2025/11/07 08:04:02 service.go:42: Internal Server Error
ERROR: 2025/11/07 08:04:05 service.go:42: Not Authorised
ERROR: 2025/11/07 08:04:08 service.go:42: Invalid Input
ERROR: 2025/11/07 08:04:11 service.go:42: Internal Server Error
ERROR: 2025/11/07 08:04:14 service.go:42: Not Authorised
ERROR: 2025/11/07 08:04:17 service.go:42: Invalid Input
ERROR: 2025/11/07 08:04:20 service.go:42: Invalid Request
INFO: 2025/11/07 08:04:23 service.go:36: Login successful
INFO: 2025/11/07 08:04:26 service.go:36: Signup unsuccessful
ERROR: 2025/11/07 08:04:29 service.go:42: Invalid Input
ERROR: 2025/11/07 08:04:32 service.go:42: Invalid Request
INFO: 2025/11/07 08:04:35 service.go:36: Login successful
ERROR: 2025/11/07 08:04:38 service.go:42: Invalid Request
INFO: 2025/11/07 08:04:41 service.go:36: Login successful
ERROR: 2025/11/07 08:04:44 service.go:42: Internal Server Error
INFO: 2025/11/07 08:04:47 service.go:36: Signup unsuccessful
ERROR: 2025/11/07 08:04:50 service.go:42: Invalid Input
ERROR: 2025/11/07 08:04:53 service.go:42: Not Authorised
ERROR: 2025/11/07 08:04:56 service.go:42: Invalid Input
ERROR: 2025/11/07 08:04:59 service.go:42: Not Authorised
ERROR: 2025/11/07 08:05:02 service.go:42: Invalid Request
INFO: 2025/11/07 08:05:05 service.go:36: Signup unsuccessful
ERROR: 2025/11/07 08:05:08 service.go:42: Not Authorised
ERROR: 2025/11/07 08:05:11 service.go:42: Invalid Request
ERROR: 2025/11/07 08:05:14 service.go:42: Invalid Request
ERROR: 2025/11/07 08:05:17 service.go:42: Not Authorised
INFO: 2025/11/07 08:05:20 service.go:36: Login successful
ERROR: 2025/11/07 08:05:23 service.go:42: Invalid Input
INFO: 2025/11/07 08:05:26 service.go:36: Signup unsuccessful
INFO: 2025/11/07 08:05:29 service.go:36: Login successful
ERROR: 2025/11/07 08:05:32 service.go:42: Not Authorised
INFO: 2025/11/07 08:05:35 service.go:36: Email Verified successfully
ERROR: 2025/11/07 08:05:38 service.go:42: Not Authorised
INFO: 2025/11/07 08:05:41 service.go:36: Signup unsuccessful
INFO: 2025/11/07 08:05:44 service.go:36: Login successful
INFO: 2025/11/07 08:05:47 service.go:36: Login successful
INFO: 2025/11/07 08:05:50 service.go:36: Login successful
INFO: 2025/11/07 08:05:53 service.go:36: Signup unsuccessful
INFO: 2025/11/07 08:05:56 service.go:36: Login successful
ERROR: 2025/11/07 08:05:59 service.go:42: Not Authorised
ERROR: 2025/11/07 08:06:02 service.go:42: Not Authorised
ERROR: 2025/11/07 08:06:05 service.go:42: Not Authorised
ERROR: 2025/11/07 08:06:08 service.go:42: Invalid Input
ERROR: 2025/11/07 08:06:11 service.go:42: Invalid Input
ERROR: 2025/11/07 08:06:14 service.go:42: Not Authorised
ERROR: 2025/11/07 08:06:17 service.go:42: Invalid Request
ERROR: 2025/11/07 08:06:20 service.go:42: Invalid Input
ERROR: 2025/11/07 08:06:23 service.go:42: Invalid Request
ERROR: 2025/11/07 08:06:26 service.go:42: Invalid Request
INFO: 2025/11/07 08:06:29 service.go:36: Login successful
ERROR: 2025/11/07 08:06:32 service.go:42: Internal Server Error
ERROR: 2025/11/07 08:06:35 service.go:42: Not Authorised
ERROR: 2025/11/07 08:06:38 service.go:42: Not Authorised
INFO: 2025/11/07 08:06:41 service.go:36: Login successful
ERROR: 2025/11/07 08:06:44 service.go:42: Not Authorised
ERROR: 2025/11/07 08:06:47 service.go:42: Invalid Input
INFO: 2025/11/07 08:06:50 service.go:36: Signup unsuccessful
ERROR: 2025/11/07 08:06:53 service.go:42: Internal Server Error
INFO: 2025/11/07 08:06:56 service.go:36: Email Verified successfully
INFO: 2025/11/07 08:06:59 service.go:36: Login successful
ERROR: 2025/11/07 08:07:02 service.go:42: Invalid Input
ERROR: 2025/11/07 08:07:05 service.go:42: Internal Server Error
INFO: 2025/11/07 08:07:08 service.go:36: Login successful
ERROR: 2025/11/07 08:07:11 service.go:42: Internal Server Error
ERROR: 2025/11/07 08:07:14 service.go:42: Not Authorised
ERROR: 2025/11/07 08:07:17 service.go:42: Not Authorised
INFO: 2025/11/07 08:07:20 service.go:36: Login successful
INFO: 2025/11/07 08:07:23 service.go:36: Login successful
ERROR: 2025/11/07 08:07:26 service.go:42: Not Authorised
ERROR: 2025/11/07 08:07:29 service.go:42: Not Authorised
INFO: 2025/11/07 08:07:32 service.go:36: Login successful
ERROR: 2025/11/07 08:07:35 service.go:42: Invalid Input
INFO: 2025/11/07 08:07:38 service.go:36: Signup unsuccessful
ERROR: 2025/11/07 08:07:41 service.go:42: Internal Server Error
INFO: 2025/11/07 08:07:44 service.go:36: Login successful
ERROR: 2025/11/07 08:07:47 service.go:42: Invalid Input
ERROR: 2025/11/07 08:07:50 service.go:42: Internal Server Error
ERROR: 2025/11/07 08:07:53 service.go:42: Invalid Request
ERROR: 2025/11/07 08:07:56 service.go:42: Invalid Request
ERROR: 2025/11/07 08:07:59 service.go:42: Invalid Request
INFO: 2025/11/07 08:08:02 service.go:36: Signup unsuccessful
INFO: 2025/11/07 08:08:05 service.go:36: Signup unsuccessful
ERROR: 2025/11/07 08:08:08 service.go:42: Not Authorised
ERROR: 2025/11/07 08:08:11 service.go:42: Invalid Input
INFO: 2025/11/07 08:08:14 service.go:36: Email Verified successfully
ERROR: 2025/11/07 08:08:17 service.go:42: Internal Server Error
ERROR: 2025/11/07 08:08:20 service.go:42: Internal Server Error
ERROR: 2025/11/07 08:08:23 service.go:42: Not Authorised
ERROR: 2025/11/07 08:08:26 service.go:42: Not Authorised
INFO: 2025/11/07 08:08:29 service.go:36: Signup unsuccessful
ERROR: 2025/11/07 08:08:32 service.go:42: Invalid Request
ERROR: 2025/11/07 08:08:35 service.go:42: Not Authorised
ERROR: 2025/11/07 08:08:38 service.go:42: Invalid Input
INFO: 2025/11/07 08:08:41 service.go:36: Signup unsuccessful
INFO: 2025/11/07 08:08:44 service.go:36: Login successful
ERROR: 2025/11/07 08:08:47 service.go:42: Invalid Input
ERROR: 2025/11/07 08:08:50 service.go:42: Invalid Request
ERROR: 2025/11/07 08:08:53 service.go:42: Internal Server Error
INFO: 2025/11/07 08:08:56 service.go:36: Email Verified successfully
INFO: 2025/11/07 08:08:59 service.go:36: Login successful
INFO: 2025/11/07 08:09:02 service.go:36: Email Verified successfully
ERROR: 2025/11/07 08:09:05 service.go:42: Invalid Request
INFO: 2025/11/07 08:09:08 service.go:36: Email Verified successfully
INFO: 2025/11/07 08:09:11 service.go:36: Email Verified successfully
INFO: 2025/11/07 08:09:14 service.go:36: Signup unsuccessful
ERROR: 2025/11/07 08:09:17 service.go:42: Not Authorised
ERROR: 2025/11/07 08:09:20 service.go:42: Internal Server Error
INFO: 2025/11/07 08:09:23 service.go:36: Signup unsuccessful
ERROR: 2025/11/07 08:09:26 service.go:42: Not Authorised
ERROR: 2025/11/07 08:09:29 service.go:42: Invalid Input
INFO: 2025/11/07 08:09:32 service.go:36: Login successful
ERROR: 2025/11/07 08:09:35 service.go:42: Invalid Request
ERROR: 2025/11/07 08:09:38 service.go:42: Invalid Input
INFO: 2025/11/07 08:09:41 service.go:36: Signup unsuccessful
INFO: 2025/11/07 08:09:44 service.go:36: Email Verified successfully
INFO: 2025/11/07 08:09:47 service.go:36: Email Verified successfully
ERROR: 2025/11/07 08:09:50 service.go:42: Invalid Input
ERROR: 2025/11/07 08:09:53 service.go:42: Internal Server Error
ERROR: 2025/11/07 08:09:56 service.go:42: Internal Server Error
INFO: 2025/11/07 08:09:59 service.go:36: Signup unsuccessful
INFO: 2025/11/07 08:10:02 service.go:36: Login successful
INFO: 2025/11/07 08:10:05 service.go:36: Signup unsuccessful
ERROR: 2025/11/07 08:10:08 service.go:42: Not Authorised
INFO: 2025/11/07 08:10:11 service.go:36: Signup unsuccessful
INFO: 2025/11/07 08:10:14 service.go:36: Login successful
INFO: 2025/11/07 08:10:17 service.go:36: Email Verified successfully
ERROR: 2025/11/07 08:10:20 service.go:42: Invalid Input
INFO: 2025/11/07 08:10:23 service.go:36: Email Verified successfully
INFO: 2025/11/07 08:10:26 service.go:36: Signup unsuccessful
ERROR: 2025/11/07 08:10:29 service.go:42: Invalid Input
ERROR: 2025/11/07 08:10:32 service.go:42: Internal Server Error
INFO: 2025/11/07 08:10:35 service.go:36: Signup unsuccessful
ERROR: 2025/11/07 08:10:38 service.go:42: Internal Server Error
ERROR: 2025/11/07 08:10:41 service.go:42: Invalid Input
INFO: 2025/11/07 08:10:44 service.go:36: Signup unsuccessful
INFO: 2025/11/07 08:10:47 service.go:36: Login successful
INFO: 2025/11/07 08:10:50 service.go:36: Login successful
INFO: 2025/11/07 08:10:53 service.go:36: Login successful
ERROR: 2025/11/07 08:10:56 service.go:42: Internal Server Error
INFO: 2025/11/07 08:10:59 service.go:36: Signup unsuccessful
INFO: 2025/11/07 08:11:02 service.go:36: Signup unsuccessful
ERROR: 2025/11/07 08:11:05 service.go:42: Internal Server Error
INFO: 2025/11/07 08:11:08 service.go:36: Login successful
ERROR: 2025/11/07 08:11:11 service.go:42: Internal Server Error
ERROR: 2025/11/07 08:11:14 service.go:42: Invalid Input
ERROR: 2025/11/07 08:11:17 service.go:42: Internal Server Error
ERROR: 2025/11/07 08:11:20 service.go:42: Not Authorised
ERROR: 2025/11/07 08:11:23 service.go:42: Internal Server Error
ERROR: 2025/11/07 08:11:26 service.go:42: Internal Server Error
ERROR: 2025/11/07 08:11:29 service.go:42: Not Authorised
INFO: 2025/11/07 08:11:32 service.go:36: Login successful
ERROR: 2025/11/07 08:11:35 service.go:42: Invalid Request
ERROR: 2025/11/07 08:11:38 service.go:42: Internal Server Error
ERROR: 2025/11/07 08:11:41 service.go:42: Internal Server Error
ERROR: 2025/11/07 08:11:44 service.go:42: Not Authorised
ERROR: 2025/11/07 08:11:47 service.go:42: Internal Server Error
INFO: 2025/11/07 08:11:50 service.go:36: Signup unsuccessful
INFO: 2025/11/07 08:13:43 service.go:36: Signup unsuccessful
INFO: 2025/11/07 08:13:46 service.go:36: Login successful
INFO: 2025/11/07 08:13:49 service.go:36: Email Verified successfully
ERROR: 2025/11/07 08:13:52 service.go:42: Internal Server Error
INFO: 2025/11/07 08:13:55 service.go:36: Email Verified successfully
INFO: 2025/11/07 08:13:58 service.go:36: Login successful
INFO: 2025/11/07 08:14:01 service.go:36: Signup unsuccessful
ERROR: 2025/11/07 08:14:04 service.go:42: Invalid Input
INFO: 2025/11/07 08:14:07 service.go:36: Login successful
ERROR: 2025/11/07 08:14:10 service.go:42: Invalid Input
ERROR: 2025/11/07 08:14:14 service.go:42: Not Authorised
ERROR: 2025/11/07 08:14:17 service.go:42: Invalid Input
ERROR: 2025/11/07 08:14:20 service.go:42: Invalid Input
INFO: 2025/11/07 08:14:23 service.go:36: Email Verified successfully
INFO: 2025/11/07 08:14:26 service.go:36: Signup unsuccessful
ERROR: 2025/11/07 08:14:29 service.go:42: Invalid Request
ERROR: 2025/11/07 08:14:32 service.go:42: Invalid Request
ERROR: 2025/11/07 08:14:35 service.go:42: Invalid Request
INFO: 2025/11/07 08:14:38 service.go:36: Signup unsuccessful
