INFO: 2025/11/03 21:51:09 service.go:36: Signup unsuccessful
ERROR: 2025/11/03 21:51:12 service.go:42: Invalid Input
ERROR: 2025/11/03 21:51:15 service.go:42: Invalid Input
INFO: 2025/11/03 21:51:18 service.go:36: Email Verified successfully
INFO: 2025/11/03 21:51:21 service.go:36: Signup unsuccessful
INFO: 2025/11/03 21:51:24 service.go:36: Signup unsuccessful
ERROR: 2025/11/03 21:51:27 service.go:42: Internal Server Error
INFO: 2025/11/03 21:51:30 service.go:36: Login successful
ERROR: 2025/11/03 21:51:33 service.go:42: Not Authorised
ERROR: 2025/11/03 21:51:36 service.go:42: Invalid Input
ERROR: 2025/11/03 21:51:39 service.go:42: Invalid Request
INFO: 2025/11/03 23:00:04 service.go:36: Signup unsuccessful
ERROR: 2025/11/03 23:00:07 service.go:42: Internal Server Error
ERROR: 2025/11/03 23:00:10 service.go:42: Not Authorised
INFO: 2025/11/03 23:00:13 service.go:36: Email Verified successfully
ERROR: 2025/11/03 23:00:16 service.go:42: Not Authorised
INFO: 2025/11/03 23:00:19 service.go:36: Signup unsuccessful
ERROR: 2025/11/03 23:00:22 service.go:42: Invalid Request
INFO: 2025/11/03 23:00:25 service.go:36: Signup unsuccessful
INFO: 2025/11/03 23:00:28 service.go:36: Signup unsuccessful
ERROR: 2025/11/03 23:00:31 service.go:42: Not Authorised
INFO: 2025/11/03 23:00:34 service.go:36: Login successful
INFO: 2025/11/03 23:00:37 service.go:36: Email Verified successfully
ERROR: 2025/11/03 23:00:40 service.go:42: Internal Server Error
ERROR: 2025/11/03 23:00:43 service.go:42: Internal Server Error
ERROR: 2025/11/03 23:00:46 service.go:42: Not Authorised
INFO: 2025/11/03 23:00:49 service.go:36: Signup unsuccessful
INFO: 2025/11/03 23:00:52 service.go:36: Signup unsuccessful
INFO: 2025/11/03 23:00:55 service.go:36: Signup unsuccessful
ERROR: 2025/11/03 23:00:58 service.go:42: Invalid Input
